[2023-02-11 00:09:26],PUT,/edit-user/63c9801caa6e5424deae30e5,404,-,6.775,ms
[2023-02-11 00:11:19],PUT,/users/user-edit/undefined,404,-,1.591,ms
[2023-02-11 00:11:28],PUT,/users/user-edit/63c9801caa6e5424deae30e5,404,-,4.521,ms
[2023-02-11 00:11:35],PUT,/users/user-edit/undefined,404,-,20.576,ms
[2023-02-11 00:11:35],PUT,/users/user-edit/undefined,404,-,21.216,ms
[2023-02-11 00:12:08],PUT,/users/user-edit/63c9801caa6e5424deae30e5,404,-,1.627,ms
[2023-02-11 00:18:13],PUT,/users/user-edit/undefined,404,-,0.850,ms
[2023-02-11 00:18:15],PUT,/users/user-edit/63c9801caa6e5424deae30e5,404,-,1.863,ms
[2023-02-11 00:18:24],PUT,/users/user-edit/undefined,404,-,0.499,ms
[2023-02-11 00:19:51],PUT,/users/user-edit/undefined,404,-,0.401,ms
[2023-02-11 00:19:51],PUT,/users/user-edit/undefined,404,-,0.567,ms
[2023-02-11 00:21:38],PUT,/users/user-edit/63c9801caa6e5424deae30e5,404,-,13.209,ms
[2023-02-11 00:23:46],PUT,/users/user-edit/undefined,404,-,0.378,ms
[2023-02-11 00:23:46],PUT,/users/user-edit/undefined,404,-,0.455,ms
[2023-02-11 00:24:10],PUT,/users/user-edit/undefined,404,-,6.680,ms
[2023-02-11 00:24:43],PUT,/users/user-edit/undefined,404,-,0.338,ms
[2023-02-11 00:25:51],PUT,/users/user-edit/undefined,404,-,1.152,ms
[2023-02-11 00:27:16],PUT,/users/user-edit/undefined,404,-,0.313,ms
[2023-02-11 00:29:12],PUT,/users/user-edit/undefined,404,-,1.048,ms
[2023-02-11 00:29:29],PUT,/users/user-edit/undefined,404,-,0.600,ms
[2023-02-11 00:29:29],PUT,/users/user-edit/undefined,404,-,2.027,ms
[2023-02-11 00:30:08],PUT,/users/user-edit/63c9801caa6e5424deae30e5,404,-,7.692,ms
[2023-02-11 00:31:11],PUT,/users/user-edit/undefined,404,-,1.249,ms
[2023-02-11 00:31:11],PUT,/users/user-edit/undefined,404,-,1.312,ms
[2023-02-11 00:31:30],PUT,/users/undefined,500,-,15.890,ms
[2023-02-11 00:31:43],PUT,/users/undefined,500,-,1.320,ms
[2023-02-11 00:31:43],PUT,/users/undefined,500,-,3.842,ms
[2023-02-11 00:33:47],PUT,/users/edit-user,500,-,1.929,ms
[2023-02-11 00:34:03],PUT,/users/undefined,500,-,0.541,ms
[2023-02-11 00:37:19],PUT,/users/undefined,500,-,1.102,ms
[2023-02-11 00:37:24],PUT,/users/undefined,500,-,0.637,ms
[2023-02-11 00:37:24],PUT,/users/undefined,500,-,1.167,ms
[2023-02-11 00:37:27],PUT,/users/undefined,500,-,0.816,ms
[2023-02-11 00:37:27],PUT,/users/undefined,500,-,4.181,ms
[2023-02-11 00:39:23],POST,/users/login,400,-,33.031,ms
[2023-02-11 00:39:25],POST,/users/login,400,-,17.736,ms
[2023-02-11 00:39:34],POST,/users/login,400,-,23.406,ms
[2023-02-11 00:39:58],POST,/users/login,400,-,12.185,ms
[2023-02-11 00:40:11],POST,/users/login,400,-,11.481,ms
[2023-02-11 00:40:53],PUT,/users/undefined,500,-,6.513,ms
[2023-02-11 00:40:53],PUT,/users/undefined,500,-,4.542,ms
[2023-02-11 00:40:56],PUT,/users/undefined,500,-,1.342,ms
[2023-02-11 00:40:56],PUT,/users/undefined,500,-,0.559,ms
[2023-02-11 00:41:22],PUT,/users/undefined,500,-,0.651,ms
[2023-02-11 00:41:22],PUT,/users/undefined,500,-,0.712,ms
[2023-02-11 00:43:34],PUT,/users/undefined,500,-,0.563,ms
[2023-02-11 00:43:34],PUT,/users/undefined,500,-,0.489,ms
[2023-02-11 00:44:56],PUT,/users/undefined,500,-,0.528,ms
[2023-02-11 00:44:56],PUT,/users/undefined,500,-,0.553,ms
[2023-02-11 00:47:55],PUT,/users/undefined,500,-,2.518,ms
[2023-02-11 00:47:55],PUT,/users/undefined,500,-,0.598,ms
[2023-02-11 00:48:56],PUT,/users/undefined,500,-,0.653,ms
[2023-02-11 00:48:56],PUT,/users/undefined,500,-,3.067,ms
[2023-02-11 00:49:52],PUT,/users/undefined,500,-,3.618,ms
[2023-02-11 00:49:56],PUT,/users/undefined,500,-,0.636,ms
[2023-02-11 00:49:56],PUT,/users/undefined,500,-,0.472,ms
[2023-02-11 00:53:20],PUT,/users/undefined,500,-,0.621,ms
[2023-02-11 00:53:20],PUT,/users/undefined,500,-,1.628,ms
[2023-02-11 00:54:23],PUT,/users/undefined,500,-,0.614,ms
[2023-02-11 00:54:23],PUT,/users/undefined,500,-,0.584,ms
[2023-02-11 00:55:28],PUT,/users/,404,-,0.947,ms
[2023-02-11 00:56:07],PUT,/users/,404,-,1.054,ms
[2023-02-11 00:56:18],PUT,/users/undefined,500,-,0.589,ms
[2023-02-11 00:57:19],PUT,/users/undefined,500,-,1.427,ms
[2023-02-11 00:57:19],PUT,/users/undefined,500,-,0.620,ms
[2023-02-11 00:59:11],PUT,/users/undefined,500,-,0.583,ms
[2023-02-11 00:59:29],PUT,/users/undefined,500,-,0.519,ms
[2023-02-11 00:59:41],PUT,/users/undefined,500,-,0.806,ms
[2023-02-11 00:59:51],PUT,/users/undefined,500,-,0.692,ms
[2023-02-11 01:00:14],PUT,/users/undefined,500,-,1.144,ms
[2023-02-11 01:03:32],PUT,/users/undefined,500,-,2.923,ms
[2023-02-11 01:03:32],PUT,/users/undefined,500,-,1.248,ms
[2023-02-11 01:04:08],PUT,/users/undefined,500,-,0.594,ms
[2023-02-11 01:04:16],PUT,/users/undefined,500,-,0.563,ms
[2023-02-11 01:04:27],PUT,/users/undefined,500,-,0.545,ms
[2023-02-11 01:04:39],PUT,/users/undefined,500,-,0.707,ms
[2023-02-11 01:04:39],PUT,/users/undefined,500,-,0.504,ms
[2023-02-11 01:05:40],PUT,/users/undefined,500,-,0.627,ms
[2023-02-11 01:05:54],PUT,/users/undefined,500,-,0.737,ms
[2023-02-11 01:06:06],PUT,/users/undefined,500,-,0.608,ms
[2023-02-11 01:15:20],PUT,/users/undefined,500,-,0.691,ms
[2023-02-11 01:15:20],PUT,/users/undefined,500,-,1.146,ms
[2023-02-11 01:16:48],PUT,/users/undefined,500,-,0.952,ms
[2023-02-11 01:16:48],PUT,/users/undefined,500,-,0.734,ms
[2023-02-11 01:18:37],PUT,/users/undefined,500,-,2.052,ms
[2023-02-11 01:18:37],PUT,/users/undefined,500,-,0.871,ms
[2023-02-11 01:18:57],PUT,/users/undefined,500,-,0.624,ms
[2023-02-11 01:18:57],PUT,/users/undefined,500,-,1.196,ms
[2023-02-11 01:36:14],PUT,/users/undefined,500,-,8.624,ms
[2023-02-11 01:36:14],PUT,/users/undefined,500,-,21.209,ms
[2023-02-11 01:36:31],PUT,/users/undefined,500,-,2.865,ms
[2023-02-11 01:36:31],PUT,/users/undefined,500,-,1.260,ms
[2023-02-11 01:42:10],POST,/users/login,400,-,95.583,ms
[2023-02-11 01:42:52],POST,/users/login,400,-,8.199,ms
[2023-02-11 01:43:41],POST,/users/login,400,-,165.636,ms
[2023-02-11 01:45:27],PUT,/users/undefined,500,-,2.025,ms
[2023-02-11 01:45:27],PUT,/users/undefined,500,-,2.961,ms
[2023-02-11 01:46:50],PUT,/users/undefined,500,-,1.457,ms
[2023-02-11 01:46:50],PUT,/users/undefined,500,-,0.882,ms
[2023-02-11 01:46:50],PUT,/users/undefined,500,-,0.942,ms
[2023-02-11 01:46:50],PUT,/users/undefined,500,-,1.692,ms
[2023-02-11 01:46:50],PUT,/users/undefined,500,-,0.926,ms
[2023-02-11 01:46:50],PUT,/users/undefined,500,-,1.885,ms
[2023-02-11 01:47:03],PUT,/users/undefined,500,-,0.566,ms
[2023-02-11 01:47:03],PUT,/users/undefined,500,-,0.587,ms
[2023-02-11 01:47:16],PUT,/users/undefined,500,-,3.621,ms
[2023-02-11 01:47:16],PUT,/users/undefined,500,-,4.220,ms
[2023-02-11 01:47:42],PUT,/users/undefined,500,-,0.812,ms
[2023-02-11 01:47:42],PUT,/users/undefined,500,-,1.702,ms
[2023-02-11 01:48:09],PUT,/users/undefined,500,-,0.650,ms
[2023-02-11 01:48:17],PUT,/users/undefined,500,-,0.536,ms
[2023-02-11 01:48:17],PUT,/users/undefined,500,-,0.552,ms
[2023-02-11 01:48:28],PUT,/users/undefined,500,-,0.734,ms
[2023-02-11 01:48:35],PUT,/users/undefined,500,-,1.109,ms
[2023-02-11 01:48:42],PUT,/users/undefined,500,-,0.978,ms
[2023-02-11 16:56:32],PUT,/users/undefined,500,-,1.886,ms
[2023-02-11 16:56:32],PUT,/users/undefined,500,-,0.594,ms
[2023-02-11 16:57:34],PUT,/users/undefined,500,-,2.467,ms
[2023-02-11 16:58:28],PUT,/users/undefined,500,-,0.954,ms
[2023-02-11 16:58:28],PUT,/users/undefined,500,-,1.191,ms
[2023-02-11 16:58:42],PUT,/users/undefined,500,-,3.440,ms
[2023-02-11 16:58:42],PUT,/users/undefined,500,-,4.091,ms
[2023-02-11 16:59:10],PUT,/users/undefined,500,-,0.764,ms
[2023-02-11 16:59:17],PUT,/users/undefined,500,-,2.790,ms
[2023-02-11 16:59:23],PUT,/users/undefined,500,-,1.130,ms
[2023-02-11 16:59:44],PUT,/users/undefined,500,-,0.532,ms
[2023-02-11 17:01:46],PUT,/users/undefined,500,-,6.106,ms
[2023-02-11 17:01:46],PUT,/users/undefined,500,-,0.634,ms
[2023-02-11 17:01:59],PUT,/users/undefined,500,-,1.619,ms
[2023-02-11 17:03:03],PUT,/users/undefined,500,-,0.554,ms
[2023-02-11 17:03:03],PUT,/users/undefined,500,-,0.527,ms
[2023-02-11 17:03:22],PUT,/users/undefined,500,-,2.609,ms
[2023-02-11 17:03:41],PUT,/users/undefined,500,-,0.574,ms
[2023-02-11 17:04:10],PUT,/users/undefined,500,-,1.188,ms
[2023-02-11 17:04:25],PUT,/users/undefined,500,-,0.511,ms
[2023-02-11 17:04:25],PUT,/users/undefined,500,-,0.490,ms
[2023-02-11 17:04:37],PUT,/users/undefined,500,-,0.537,ms
[2023-02-11 17:04:37],PUT,/users/undefined,500,-,0.509,ms
[2023-02-11 17:06:09],PUT,/users/undefined,500,-,0.806,ms
[2023-02-11 17:06:09],PUT,/users/undefined,500,-,1.113,ms
[2023-02-11 17:06:18],PUT,/users/undefined,500,-,0.597,ms
[2023-02-11 17:06:18],PUT,/users/undefined,500,-,0.694,ms
[2023-02-11 17:07:49],PUT,/users/undefined,500,-,1.164,ms
[2023-02-11 17:08:19],PUT,/users/63e019691ed150ae75bc61a5,500,-,11.720,ms
[2023-02-11 17:08:52],PUT,/users/undefined,500,-,3.006,ms