[2023-02-14 12:12:02],GET,/users/63ea814cb6dd2b5da3ed7622,404,-,10009.498,ms
[2023-02-14 12:12:02],GET,/cards/63ea814cb6dd2b5da3ed7622,404,-,10002.618,ms
[2023-02-14 12:12:12],GET,/users/63ea814cb6dd2b5da3ed7622,404,-,10003.647,ms
[2023-02-14 12:12:12],GET,/cards/63ea814cb6dd2b5da3ed7622,404,-,10003.495,ms
[2023-02-14 12:29:23],GET,/cards/63ea814cb6dd2b5da3ed7622,404,-,6.897,ms
[2023-02-14 12:29:23],GET,/cards/63ea814cb6dd2b5da3ed7622,404,-,20.205,ms
[2023-02-14 12:31:26],GET,/cards/undefined,404,-,1.886,ms
[2023-02-14 12:31:26],GET,/cards/63ea814cb6dd2b5da3ed7622,404,-,14.510,ms
[2023-02-14 12:31:26],GET,/cards/undefined,404,-,0.951,ms
[2023-02-14 12:31:26],GET,/cards/63ea814cb6dd2b5da3ed7622,404,-,14.326,ms
[2023-02-14 12:31:32],GET,/cards/63ea814cb6dd2b5da3ed7622,404,-,4.148,ms
[2023-02-14 12:31:32],GET,/cards/63ea814cb6dd2b5da3ed7622,404,-,19.129,ms
[2023-02-14 12:31:48],GET,/cards/63ea814cb6dd2b5da3ed7622,404,-,14.899,ms
[2023-02-14 12:31:48],GET,/cards/63ea814cb6dd2b5da3ed7622,404,-,13.971,ms
[2023-02-14 12:39:00],GET,/cards/63ea814cb6dd2b5da3ed7622,404,-,29.055,ms
[2023-02-14 12:39:00],GET,/cards/63ea814cb6dd2b5da3ed7622,404,-,15.098,ms
[2023-02-14 12:39:00],GET,/cards/63ea814cb6dd2b5da3ed7622,404,-,3.606,ms
[2023-02-14 12:39:00],GET,/cards/63ea814cb6dd2b5da3ed7622,404,-,12.653,ms
[2023-02-14 12:39:21],GET,/cards/63ea814cb6dd2b5da3ed7622,404,-,5.618,ms
[2023-02-14 12:39:21],GET,/cards/63ea814cb6dd2b5da3ed7622,404,-,7.881,ms
[2023-02-14 12:40:35],GET,/cards/63ea814cb6dd2b5da3ed7622,404,-,3.272,ms
[2023-02-14 12:41:07],GET,/cards/63ea814cb6dd2b5da3ed7622,404,-,6.231,ms
[2023-02-14 12:41:26],GET,/cards/63ea814cb6dd2b5da3ed7622,404,-,6.055,ms
[2023-02-14 12:41:26],GET,/cards/63ea814cb6dd2b5da3ed7622,404,-,2.725,ms
[2023-02-14 12:41:38],GET,/cards/63ea814cb6dd2b5da3ed7622,404,-,17.228,ms
[2023-02-14 12:41:38],GET,/cards/63ea814cb6dd2b5da3ed7622,404,-,4.946,ms
[2023-02-14 12:42:43],GET,/cards/63ea814cb6dd2b5da3ed7622,404,-,7.068,ms
[2023-02-14 12:46:33],GET,/cards/63ea814cb6dd2b5da3ed7622,404,-,6.436,ms
[2023-02-14 12:46:33],GET,/cards/63ea814cb6dd2b5da3ed7622,404,-,24.889,ms
[2023-02-14 12:46:38],GET,/cards/63ea814cb6dd2b5da3ed7622,404,-,4.067,ms
[2023-02-14 12:46:38],GET,/cards/63ea814cb6dd2b5da3ed7622,404,-,5.074,ms
[2023-02-14 12:54:24],GET,/cards/63ea814cb6dd2b5da3ed7622,404,-,11.272,ms
[2023-02-14 12:54:24],GET,/cards/63ea814cb6dd2b5da3ed7622,404,-,23.207,ms
[2023-02-14 15:03:09],GET,/cards/63ea814cb6dd2b5da3ed7622,404,-,34.848,ms
[2023-02-14 15:03:09],GET,/cards/63ea814cb6dd2b5da3ed7622,404,-,5.047,ms
[2023-02-14 16:30:21],GET,/cards/63ea814cb6dd2b5da3ed7622,404,-,13.232,ms
[2023-02-14 16:30:21],GET,/cards/63ea814cb6dd2b5da3ed7622,404,-,7.503,ms
[2023-02-14 16:30:29],GET,/cards/63ea814cb6dd2b5da3ed7622,404,-,8.529,ms
[2023-02-14 16:30:29],GET,/cards/63ea814cb6dd2b5da3ed7622,404,-,9.944,ms
[2023-02-14 16:30:46],GET,/cards/63ea814cb6dd2b5da3ed7622,404,-,10.484,ms
[2023-02-14 16:30:46],GET,/cards/63ea814cb6dd2b5da3ed7622,404,-,10.388,ms
[2023-02-14 17:57:04],POST,/users/login,400,-,34.446,ms
[2023-02-14 17:57:05],POST,/users/login,400,-,8.717,ms
[2023-02-14 17:57:06],POST,/users/login,400,-,8.893,ms
[2023-02-14 17:57:56],POST,/users/login,400,-,5.131,ms
[2023-02-14 20:19:54],POST,/users/63ebafa8451316c171bb4b21,404,-,24.375,ms
[2023-02-14 20:20:32],POST,/users/63ebafa8451316c171bb4b21,404,-,6.021,ms
[2023-02-14 20:21:17],POST,/users/63ebafa8451316c171bb4b21,404,-,7.295,ms
[2023-02-14 20:24:23],GET,/users/[object%20Object],403,-,3.624,ms
[2023-02-14 20:24:23],GET,/users/[object%20Object],403,-,1.216,ms
[2023-02-14 20:25:43],POST,/users/63ebafa8451316c171bb4b21,404,-,1.952,ms
[2023-02-14 20:29:29],POST,/users/63ebafa8451316c171bb4b21,404,-,8.655,ms
[2023-02-14 20:40:01],POST,/users/63ebafa8451316c171bb4b21,404,-,6.219,ms
[2023-02-14 20:42:38],POST,/users/63ebafa8451316c171bb4b21,404,-,0.729,ms